2018-04-26 19:18:16,708 [Worker-3] INFO  c.g.t.t.d.PublishedGradleVersions - Gradle version information cache is out-of-date. Trying to update.
2018-04-26 19:26:02,361 [Worker-15] INFO  o.e.m.c.i.l.LifecycleMappingFactory - Using org.maven.ide.eclipse.wtp.WarLifecycleMapping lifecycle mapping for MavenProject: 09-WS-Restful-Padaria-Server:09-WS-Restful-Padaria-Server:0.0.1-SNAPSHOT @ D:\NAC2\09-WS-Restful-Padaria-Server\pom.xml.
2018-04-26 19:26:06,646 [Worker-15] WARN  o.e.m.c.i.embedder.EclipseLogger - Using platform encoding (Cp1252 actually) to copy filtered resources, i.e. build is platform dependent!
2018-04-26 19:26:06,647 [Worker-15] INFO  o.e.m.c.i.embedder.EclipseLogger - skip non existing resourceDirectory D:\NAC2\09-WS-Restful-Padaria-Server\src\main\resources
2018-04-26 19:26:06,650 [Worker-15] WARN  o.e.m.c.i.embedder.EclipseLogger - Using platform encoding (Cp1252 actually) to copy filtered resources, i.e. build is platform dependent!
2018-04-26 19:26:06,651 [Worker-15] INFO  o.e.m.c.i.embedder.EclipseLogger - skip non existing resourceDirectory D:\NAC2\09-WS-Restful-Padaria-Server\src\test\resources
2018-04-26 19:26:10,602 [Worker-28] WARN  o.e.m.c.i.embedder.EclipseLogger - Using platform encoding (Cp1252 actually) to copy filtered resources, i.e. build is platform dependent!
2018-04-26 19:26:10,603 [Worker-28] INFO  o.e.m.c.i.embedder.EclipseLogger - skip non existing resourceDirectory D:\NAC2\09-WS-Restful-Padaria-Server\src\main\resources
2018-04-26 19:26:10,605 [Worker-28] WARN  o.e.m.c.i.embedder.EclipseLogger - Using platform encoding (Cp1252 actually) to copy filtered resources, i.e. build is platform dependent!
2018-04-26 19:26:10,605 [Worker-28] INFO  o.e.m.c.i.embedder.EclipseLogger - skip non existing resourceDirectory D:\NAC2\09-WS-Restful-Padaria-Server\src\test\resources
2018-04-26 19:30:40,322 [Worker-26] WARN  o.e.m.c.i.embedder.EclipseLogger - Using platform encoding (Cp1252 actually) to copy filtered resources, i.e. build is platform dependent!
2018-04-26 19:30:40,324 [Worker-26] INFO  o.e.m.c.i.embedder.EclipseLogger - skip non existing resourceDirectory D:\NAC2\09-WS-Restful-Padaria-Server\src\main\resources
2018-04-26 19:30:40,325 [Worker-26] WARN  o.e.m.c.i.embedder.EclipseLogger - Using platform encoding (Cp1252 actually) to copy filtered resources, i.e. build is platform dependent!
2018-04-26 19:30:40,325 [Worker-26] INFO  o.e.m.c.i.embedder.EclipseLogger - skip non existing resourceDirectory D:\NAC2\09-WS-Restful-Padaria-Server\src\test\resources
2018-04-26 19:31:27,731 [Worker-28] WARN  o.e.m.c.i.embedder.EclipseLogger - Using platform encoding (Cp1252 actually) to copy filtered resources, i.e. build is platform dependent!
2018-04-26 19:31:27,734 [Worker-28] INFO  o.e.m.c.i.embedder.EclipseLogger - skip non existing resourceDirectory D:\NAC2\09-WS-Restful-Padaria-Server\src\main\resources
2018-04-26 19:31:27,736 [Worker-28] WARN  o.e.m.c.i.embedder.EclipseLogger - Using platform encoding (Cp1252 actually) to copy filtered resources, i.e. build is platform dependent!
2018-04-26 19:31:27,737 [Worker-28] INFO  o.e.m.c.i.embedder.EclipseLogger - skip non existing resourceDirectory D:\NAC2\09-WS-Restful-Padaria-Server\src\test\resources
2018-04-26 19:41:06,948 [Worker-38] WARN  o.e.m.c.i.embedder.EclipseLogger - Using platform encoding (Cp1252 actually) to copy filtered resources, i.e. build is platform dependent!
2018-04-26 19:41:06,948 [Worker-38] INFO  o.e.m.c.i.embedder.EclipseLogger - skip non existing resourceDirectory D:\NAC2\09-WS-Restful-Padaria-Server\src\main\resources
2018-04-26 19:41:06,949 [Worker-38] WARN  o.e.m.c.i.embedder.EclipseLogger - Using platform encoding (Cp1252 actually) to copy filtered resources, i.e. build is platform dependent!
2018-04-26 19:41:06,950 [Worker-38] INFO  o.e.m.c.i.embedder.EclipseLogger - skip non existing resourceDirectory D:\NAC2\09-WS-Restful-Padaria-Server\src\test\resources
2018-04-26 19:44:44,945 [Worker-36] WARN  o.e.m.c.i.embedder.EclipseLogger - Using platform encoding (Cp1252 actually) to copy filtered resources, i.e. build is platform dependent!
2018-04-26 19:44:44,946 [Worker-36] INFO  o.e.m.c.i.embedder.EclipseLogger - skip non existing resourceDirectory D:\NAC2\09-WS-Restful-Padaria-Server\src\main\resources
2018-04-26 19:44:44,948 [Worker-36] WARN  o.e.m.c.i.embedder.EclipseLogger - Using platform encoding (Cp1252 actually) to copy filtered resources, i.e. build is platform dependent!
2018-04-26 19:44:44,949 [Worker-36] INFO  o.e.m.c.i.embedder.EclipseLogger - skip non existing resourceDirectory D:\NAC2\09-WS-Restful-Padaria-Server\src\test\resources
2018-04-26 19:45:05,555 [Worker-39] WARN  o.e.m.c.i.embedder.EclipseLogger - Using platform encoding (Cp1252 actually) to copy filtered resources, i.e. build is platform dependent!
2018-04-26 19:45:05,556 [Worker-39] INFO  o.e.m.c.i.embedder.EclipseLogger - skip non existing resourceDirectory D:\NAC2\09-WS-Restful-Padaria-Server\src\main\resources
2018-04-26 19:45:05,557 [Worker-39] WARN  o.e.m.c.i.embedder.EclipseLogger - Using platform encoding (Cp1252 actually) to copy filtered resources, i.e. build is platform dependent!
2018-04-26 19:45:05,557 [Worker-39] INFO  o.e.m.c.i.embedder.EclipseLogger - skip non existing resourceDirectory D:\NAC2\09-WS-Restful-Padaria-Server\src\test\resources
2018-04-26 19:45:11,065 [Worker-38] WARN  o.e.m.c.i.embedder.EclipseLogger - Using platform encoding (Cp1252 actually) to copy filtered resources, i.e. build is platform dependent!
2018-04-26 19:45:11,066 [Worker-38] INFO  o.e.m.c.i.embedder.EclipseLogger - skip non existing resourceDirectory D:\NAC2\09-WS-Restful-Padaria-Server\src\main\resources
2018-04-26 19:45:11,068 [Worker-38] WARN  o.e.m.c.i.embedder.EclipseLogger - Using platform encoding (Cp1252 actually) to copy filtered resources, i.e. build is platform dependent!
2018-04-26 19:45:11,068 [Worker-38] INFO  o.e.m.c.i.embedder.EclipseLogger - skip non existing resourceDirectory D:\NAC2\09-WS-Restful-Padaria-Server\src\test\resources
2018-04-26 19:45:19,605 [Worker-40] WARN  o.e.m.c.i.embedder.EclipseLogger - Using platform encoding (Cp1252 actually) to copy filtered resources, i.e. build is platform dependent!
2018-04-26 19:45:19,605 [Worker-40] INFO  o.e.m.c.i.embedder.EclipseLogger - skip non existing resourceDirectory D:\NAC2\09-WS-Restful-Padaria-Server\src\main\resources
2018-04-26 19:45:19,606 [Worker-40] WARN  o.e.m.c.i.embedder.EclipseLogger - Using platform encoding (Cp1252 actually) to copy filtered resources, i.e. build is platform dependent!
2018-04-26 19:45:19,606 [Worker-40] INFO  o.e.m.c.i.embedder.EclipseLogger - skip non existing resourceDirectory D:\NAC2\09-WS-Restful-Padaria-Server\src\test\resources
2018-04-26 19:46:35,132 [Worker-38] WARN  o.e.m.c.i.embedder.EclipseLogger - Using platform encoding (Cp1252 actually) to copy filtered resources, i.e. build is platform dependent!
2018-04-26 19:46:35,133 [Worker-38] INFO  o.e.m.c.i.embedder.EclipseLogger - skip non existing resourceDirectory D:\NAC2\09-WS-Restful-Padaria-Server\src\main\resources
2018-04-26 19:46:35,134 [Worker-38] WARN  o.e.m.c.i.embedder.EclipseLogger - Using platform encoding (Cp1252 actually) to copy filtered resources, i.e. build is platform dependent!
2018-04-26 19:46:35,135 [Worker-38] INFO  o.e.m.c.i.embedder.EclipseLogger - skip non existing resourceDirectory D:\NAC2\09-WS-Restful-Padaria-Server\src\test\resources
2018-04-26 19:48:25,653 [Worker-37] WARN  o.e.m.c.i.embedder.EclipseLogger - Using platform encoding (Cp1252 actually) to copy filtered resources, i.e. build is platform dependent!
2018-04-26 19:48:25,653 [Worker-37] INFO  o.e.m.c.i.embedder.EclipseLogger - skip non existing resourceDirectory D:\NAC2\09-WS-Restful-Padaria-Server\src\main\resources
2018-04-26 19:48:25,653 [Worker-37] WARN  o.e.m.c.i.embedder.EclipseLogger - Using platform encoding (Cp1252 actually) to copy filtered resources, i.e. build is platform dependent!
2018-04-26 19:48:25,653 [Worker-37] INFO  o.e.m.c.i.embedder.EclipseLogger - skip non existing resourceDirectory D:\NAC2\09-WS-Restful-Padaria-Server\src\test\resources
2018-04-26 20:03:43,160 [Worker-36] WARN  o.e.m.c.i.embedder.EclipseLogger - Using platform encoding (Cp1252 actually) to copy filtered resources, i.e. build is platform dependent!
2018-04-26 20:03:43,160 [Worker-36] INFO  o.e.m.c.i.embedder.EclipseLogger - skip non existing resourceDirectory D:\NAC2\09-WS-Restful-Padaria-Server\src\main\resources
2018-04-26 20:03:43,160 [Worker-36] WARN  o.e.m.c.i.embedder.EclipseLogger - Using platform encoding (Cp1252 actually) to copy filtered resources, i.e. build is platform dependent!
2018-04-26 20:03:43,160 [Worker-36] INFO  o.e.m.c.i.embedder.EclipseLogger - skip non existing resourceDirectory D:\NAC2\09-WS-Restful-Padaria-Server\src\test\resources
2018-04-26 20:05:49,387 [Worker-44] WARN  o.e.m.c.i.embedder.EclipseLogger - Using platform encoding (Cp1252 actually) to copy filtered resources, i.e. build is platform dependent!
2018-04-26 20:05:49,387 [Worker-44] INFO  o.e.m.c.i.embedder.EclipseLogger - skip non existing resourceDirectory D:\NAC2\09-WS-Restful-Padaria-Server\src\main\resources
2018-04-26 20:05:49,387 [Worker-44] WARN  o.e.m.c.i.embedder.EclipseLogger - Using platform encoding (Cp1252 actually) to copy filtered resources, i.e. build is platform dependent!
2018-04-26 20:05:49,387 [Worker-44] INFO  o.e.m.c.i.embedder.EclipseLogger - skip non existing resourceDirectory D:\NAC2\09-WS-Restful-Padaria-Server\src\test\resources
2018-04-26 20:06:09,036 [Worker-50] INFO  o.e.m.w.i.f.ResourceFilteringBuildParticipant - Cleaning filtered folder for 09-WS-Restful-Padaria-Server
2018-04-26 20:06:09,583 [Worker-49] WARN  o.e.m.c.i.embedder.EclipseLogger - Using platform encoding (Cp1252 actually) to copy filtered resources, i.e. build is platform dependent!
2018-04-26 20:06:09,583 [Worker-49] INFO  o.e.m.c.i.embedder.EclipseLogger - skip non existing resourceDirectory D:\NAC2\09-WS-Restful-Padaria-Server\src\main\resources
2018-04-26 20:06:09,583 [Worker-49] WARN  o.e.m.c.i.embedder.EclipseLogger - Using platform encoding (Cp1252 actually) to copy filtered resources, i.e. build is platform dependent!
2018-04-26 20:06:09,583 [Worker-49] INFO  o.e.m.c.i.embedder.EclipseLogger - skip non existing resourceDirectory D:\NAC2\09-WS-Restful-Padaria-Server\src\test\resources
2018-04-26 20:06:09,583 [Worker-49] INFO  o.e.m.w.i.f.ResourceFilteringBuildParticipant - Changed resources require a complete clean of filtered resources of 09-WS-Restful-Padaria-Server
2018-04-26 20:06:09,583 [Worker-49] INFO  o.e.m.w.i.f.ResourceFilteringBuildParticipant - Executing resource filtering for 09-WS-Restful-Padaria-Server
2018-04-26 20:06:09,598 [Worker-49] WARN  o.e.m.c.i.embedder.EclipseLogger - The POM for org.apache.maven.plugins:maven-clean-plugin:jar:2.5 is missing, no dependency information available
2018-04-26 20:06:09,598 [Worker-49] WARN  o.e.m.c.i.embedder.EclipseLogger - Using platform encoding (Cp1252 actually) to copy filtered resources, i.e. build is platform dependent!
2018-04-26 20:07:13,572 [Worker-45] WARN  o.e.m.c.i.embedder.EclipseLogger - Using platform encoding (Cp1252 actually) to copy filtered resources, i.e. build is platform dependent!
2018-04-26 20:07:13,572 [Worker-45] INFO  o.e.m.c.i.embedder.EclipseLogger - skip non existing resourceDirectory D:\NAC2\09-WS-Restful-Padaria-Server\src\main\resources
2018-04-26 20:07:13,572 [Worker-45] WARN  o.e.m.c.i.embedder.EclipseLogger - Using platform encoding (Cp1252 actually) to copy filtered resources, i.e. build is platform dependent!
2018-04-26 20:07:13,572 [Worker-45] INFO  o.e.m.c.i.embedder.EclipseLogger - skip non existing resourceDirectory D:\NAC2\09-WS-Restful-Padaria-Server\src\test\resources
2018-04-26 20:21:50,578 [Worker-58] WARN  o.e.m.c.i.embedder.EclipseLogger - Using platform encoding (Cp1252 actually) to copy filtered resources, i.e. build is platform dependent!
2018-04-26 20:21:50,578 [Worker-58] INFO  o.e.m.c.i.embedder.EclipseLogger - skip non existing resourceDirectory D:\NAC2\09-WS-Restful-Padaria-Server\src\main\resources
2018-04-26 20:21:50,594 [Worker-58] WARN  o.e.m.c.i.embedder.EclipseLogger - Using platform encoding (Cp1252 actually) to copy filtered resources, i.e. build is platform dependent!
2018-04-26 20:21:50,594 [Worker-58] INFO  o.e.m.c.i.embedder.EclipseLogger - skip non existing resourceDirectory D:\NAC2\09-WS-Restful-Padaria-Server\src\test\resources
2018-04-26 20:25:39,083 [Worker-56] WARN  o.e.m.c.i.embedder.EclipseLogger - Using platform encoding (Cp1252 actually) to copy filtered resources, i.e. build is platform dependent!
2018-04-26 20:25:39,083 [Worker-56] INFO  o.e.m.c.i.embedder.EclipseLogger - skip non existing resourceDirectory D:\NAC2\09-WS-Restful-Padaria-Server\src\main\resources
2018-04-26 20:25:39,083 [Worker-56] WARN  o.e.m.c.i.embedder.EclipseLogger - Using platform encoding (Cp1252 actually) to copy filtered resources, i.e. build is platform dependent!
2018-04-26 20:25:39,083 [Worker-56] INFO  o.e.m.c.i.embedder.EclipseLogger - skip non existing resourceDirectory D:\NAC2\09-WS-Restful-Padaria-Server\src\test\resources
2018-04-26 20:27:42,207 [Worker-55] WARN  o.e.m.c.i.embedder.EclipseLogger - Using platform encoding (Cp1252 actually) to copy filtered resources, i.e. build is platform dependent!
2018-04-26 20:27:42,207 [Worker-55] INFO  o.e.m.c.i.embedder.EclipseLogger - skip non existing resourceDirectory D:\NAC2\09-WS-Restful-Padaria-Server\src\main\resources
2018-04-26 20:27:42,207 [Worker-55] WARN  o.e.m.c.i.embedder.EclipseLogger - Using platform encoding (Cp1252 actually) to copy filtered resources, i.e. build is platform dependent!
2018-04-26 20:27:42,207 [Worker-55] INFO  o.e.m.c.i.embedder.EclipseLogger - skip non existing resourceDirectory D:\NAC2\09-WS-Restful-Padaria-Server\src\test\resources
2018-04-26 20:29:52,970 [Worker-58] WARN  o.e.m.c.i.embedder.EclipseLogger - Using platform encoding (Cp1252 actually) to copy filtered resources, i.e. build is platform dependent!
2018-04-26 20:29:52,970 [Worker-58] INFO  o.e.m.c.i.embedder.EclipseLogger - skip non existing resourceDirectory D:\NAC2\09-WS-Restful-Padaria-Server\src\main\resources
2018-04-26 20:29:52,970 [Worker-58] WARN  o.e.m.c.i.embedder.EclipseLogger - Using platform encoding (Cp1252 actually) to copy filtered resources, i.e. build is platform dependent!
2018-04-26 20:29:52,970 [Worker-58] INFO  o.e.m.c.i.embedder.EclipseLogger - skip non existing resourceDirectory D:\NAC2\09-WS-Restful-Padaria-Server\src\test\resources
2018-04-26 20:30:13,358 [Worker-62] WARN  o.e.m.c.i.embedder.EclipseLogger - Using platform encoding (Cp1252 actually) to copy filtered resources, i.e. build is platform dependent!
2018-04-26 20:30:13,358 [Worker-62] INFO  o.e.m.c.i.embedder.EclipseLogger - skip non existing resourceDirectory D:\NAC2\09-WS-Restful-Padaria-Server\src\main\resources
2018-04-26 20:30:13,358 [Worker-62] WARN  o.e.m.c.i.embedder.EclipseLogger - Using platform encoding (Cp1252 actually) to copy filtered resources, i.e. build is platform dependent!
2018-04-26 20:30:13,358 [Worker-62] INFO  o.e.m.c.i.embedder.EclipseLogger - skip non existing resourceDirectory D:\NAC2\09-WS-Restful-Padaria-Server\src\test\resources
2018-04-26 20:31:34,355 [Worker-65] WARN  o.e.m.c.i.embedder.EclipseLogger - Using platform encoding (Cp1252 actually) to copy filtered resources, i.e. build is platform dependent!
2018-04-26 20:31:34,355 [Worker-65] INFO  o.e.m.c.i.embedder.EclipseLogger - skip non existing resourceDirectory D:\NAC2\09-WS-Restful-Padaria-Server\src\main\resources
2018-04-26 20:31:34,355 [Worker-65] WARN  o.e.m.c.i.embedder.EclipseLogger - Using platform encoding (Cp1252 actually) to copy filtered resources, i.e. build is platform dependent!
2018-04-26 20:31:34,355 [Worker-65] INFO  o.e.m.c.i.embedder.EclipseLogger - skip non existing resourceDirectory D:\NAC2\09-WS-Restful-Padaria-Server\src\test\resources
2018-04-26 20:33:01,401 [Worker-65] WARN  o.e.m.c.i.embedder.EclipseLogger - Using platform encoding (Cp1252 actually) to copy filtered resources, i.e. build is platform dependent!
2018-04-26 20:33:01,401 [Worker-65] INFO  o.e.m.c.i.embedder.EclipseLogger - skip non existing resourceDirectory D:\NAC2\09-WS-Restful-Padaria-Server\src\main\resources
2018-04-26 20:33:01,401 [Worker-65] WARN  o.e.m.c.i.embedder.EclipseLogger - Using platform encoding (Cp1252 actually) to copy filtered resources, i.e. build is platform dependent!
2018-04-26 20:33:01,401 [Worker-65] INFO  o.e.m.c.i.embedder.EclipseLogger - skip non existing resourceDirectory D:\NAC2\09-WS-Restful-Padaria-Server\src\test\resources
2018-04-26 20:33:12,433 [Worker-69] WARN  o.e.m.c.i.embedder.EclipseLogger - Using platform encoding (Cp1252 actually) to copy filtered resources, i.e. build is platform dependent!
2018-04-26 20:33:12,433 [Worker-69] INFO  o.e.m.c.i.embedder.EclipseLogger - skip non existing resourceDirectory D:\NAC2\09-WS-Restful-Padaria-Server\src\main\resources
2018-04-26 20:33:12,433 [Worker-69] WARN  o.e.m.c.i.embedder.EclipseLogger - Using platform encoding (Cp1252 actually) to copy filtered resources, i.e. build is platform dependent!
2018-04-26 20:33:12,433 [Worker-69] INFO  o.e.m.c.i.embedder.EclipseLogger - skip non existing resourceDirectory D:\NAC2\09-WS-Restful-Padaria-Server\src\test\resources
2018-04-26 20:37:40,110 [Worker-75] WARN  o.e.m.c.i.embedder.EclipseLogger - Using platform encoding (Cp1252 actually) to copy filtered resources, i.e. build is platform dependent!
2018-04-26 20:37:40,110 [Worker-75] INFO  o.e.m.c.i.embedder.EclipseLogger - skip non existing resourceDirectory D:\NAC2\09-WS-Restful-Padaria-Server\src\main\resources
2018-04-26 20:37:40,110 [Worker-75] WARN  o.e.m.c.i.embedder.EclipseLogger - Using platform encoding (Cp1252 actually) to copy filtered resources, i.e. build is platform dependent!
2018-04-26 20:37:40,110 [Worker-75] INFO  o.e.m.c.i.embedder.EclipseLogger - skip non existing resourceDirectory D:\NAC2\09-WS-Restful-Padaria-Server\src\test\resources
2018-04-26 20:38:22,453 [Worker-64] WARN  o.e.m.c.i.embedder.EclipseLogger - Using platform encoding (Cp1252 actually) to copy filtered resources, i.e. build is platform dependent!
2018-04-26 20:38:22,453 [Worker-64] INFO  o.e.m.c.i.embedder.EclipseLogger - skip non existing resourceDirectory D:\NAC2\09-WS-Restful-Padaria-Server\src\main\resources
2018-04-26 20:38:22,453 [Worker-64] WARN  o.e.m.c.i.embedder.EclipseLogger - Using platform encoding (Cp1252 actually) to copy filtered resources, i.e. build is platform dependent!
2018-04-26 20:38:22,453 [Worker-64] INFO  o.e.m.c.i.embedder.EclipseLogger - skip non existing resourceDirectory D:\NAC2\09-WS-Restful-Padaria-Server\src\test\resources
2018-04-26 20:39:48,667 [Worker-71] WARN  o.e.m.c.i.embedder.EclipseLogger - Using platform encoding (Cp1252 actually) to copy filtered resources, i.e. build is platform dependent!
2018-04-26 20:39:48,667 [Worker-71] INFO  o.e.m.c.i.embedder.EclipseLogger - skip non existing resourceDirectory D:\NAC2\09-WS-Restful-Padaria-Server\src\main\resources
2018-04-26 20:39:48,667 [Worker-71] WARN  o.e.m.c.i.embedder.EclipseLogger - Using platform encoding (Cp1252 actually) to copy filtered resources, i.e. build is platform dependent!
2018-04-26 20:39:48,667 [Worker-71] INFO  o.e.m.c.i.embedder.EclipseLogger - skip non existing resourceDirectory D:\NAC2\09-WS-Restful-Padaria-Server\src\test\resources
2018-04-26 20:40:49,047 [Worker-120] INFO  o.e.m.c.i.e.AbstractTransferListenerAdapter - Downloading https://repo.maven.apache.org/maven2/org/apache/tomcat/tomcat-websocket-api/9.0.2/tomcat-websocket-api-9.0.2.jar
2018-04-26 20:40:49,047 [Worker-113] INFO  o.e.m.c.i.e.AbstractTransferListenerAdapter - Downloading https://repo.maven.apache.org/maven2/org/apache/tomcat/tomcat-i18n-fr/9.0.2/tomcat-i18n-fr-9.0.2.jar
2018-04-26 20:40:49,047 [Worker-108] INFO  o.e.m.c.i.e.AbstractTransferListenerAdapter - Downloading https://repo.maven.apache.org/maven2/org/apache/tomcat/tomcat-servlet-api/9.0.2/tomcat-servlet-api-9.0.2.jar
2018-04-26 20:40:49,047 [Worker-116] INFO  o.e.m.c.i.e.AbstractTransferListenerAdapter - Downloading https://repo.maven.apache.org/maven2/org/apache/tomcat/tomcat-jni/9.0.2/tomcat-jni-9.0.2.jar
2018-04-26 20:40:49,047 [Worker-114] INFO  o.e.m.c.i.e.AbstractTransferListenerAdapter - Downloading https://repo.maven.apache.org/maven2/org/apache/tomcat/tomcat-i18n-ja/9.0.2/tomcat-i18n-ja-9.0.2.jar
2018-04-26 20:40:49,047 [Worker-117] INFO  o.e.m.c.i.e.AbstractTransferListenerAdapter - Downloading https://repo.maven.apache.org/maven2/org/apache/tomcat/tomcat-util-scan/9.0.2/tomcat-util-scan-9.0.2.jar
2018-04-26 20:40:49,047 [Worker-101] INFO  o.e.m.c.i.e.AbstractTransferListenerAdapter - Downloading https://repo.maven.apache.org/maven2/org/apache/tomcat/tomcat-catalina/9.0.2/tomcat-catalina-9.0.2.jar
2018-04-26 20:40:49,047 [Worker-109] INFO  o.e.m.c.i.e.AbstractTransferListenerAdapter - Downloading https://repo.maven.apache.org/maven2/org/apache/tomcat/tomcat-api/9.0.2/tomcat-api-9.0.2.jar
2018-04-26 20:40:49,047 [Worker-91] INFO  o.e.m.c.i.e.AbstractTransferListenerAdapter - Downloading https://repo.maven.apache.org/maven2/org/eclipse/jdt/ecj/3.12.3/ecj-3.12.3.jar
2018-04-26 20:40:49,047 [Worker-112] INFO  o.e.m.c.i.e.AbstractTransferListenerAdapter - Downloading https://repo.maven.apache.org/maven2/org/apache/tomcat/tomcat-i18n-es/9.0.2/tomcat-i18n-es-9.0.2.jar
2018-04-26 20:40:49,047 [Worker-110] INFO  o.e.m.c.i.e.AbstractTransferListenerAdapter - Downloading https://repo.maven.apache.org/maven2/org/apache/tomcat/tomcat-coyote/9.0.2/tomcat-coyote-9.0.2.jar
2018-04-26 20:40:49,062 [Worker-104] INFO  o.e.m.c.i.e.AbstractTransferListenerAdapter - Downloading https://repo.maven.apache.org/maven2/org/apache/tomcat/tomcat-jasper-el/9.0.2/tomcat-jasper-el-9.0.2.jar
2018-04-26 20:40:49,094 [Worker-118] INFO  o.e.m.c.i.e.AbstractTransferListenerAdapter - Downloading https://repo.maven.apache.org/maven2/org/apache/tomcat/tomcat-util/9.0.2/tomcat-util-9.0.2.jar
2018-04-26 20:40:49,094 [Worker-119] INFO  o.e.m.c.i.e.AbstractTransferListenerAdapter - Downloading https://repo.maven.apache.org/maven2/org/apache/tomcat/tomcat-websocket/9.0.2/tomcat-websocket-9.0.2.jar
2018-04-26 20:40:49,094 [Worker-92] INFO  o.e.m.c.i.e.AbstractTransferListenerAdapter - Downloading https://repo.maven.apache.org/maven2/org/apache/tomcat/tomcat-annotations-api/9.0.2/tomcat-annotations-api-9.0.2.jar
2018-04-26 20:40:49,094 [Worker-102] INFO  o.e.m.c.i.e.AbstractTransferListenerAdapter - Downloading https://repo.maven.apache.org/maven2/org/apache/tomcat/tomcat-catalina-ant/9.0.2/tomcat-catalina-ant-9.0.2.jar
2018-04-26 20:40:49,094 [Worker-67] INFO  o.e.m.c.i.e.AbstractTransferListenerAdapter - Downloading https://repo.maven.apache.org/maven2/org/apache/tomcat/tomcat-catalina-ha/9.0.2/tomcat-catalina-ha-9.0.2.jar
2018-04-26 20:40:49,094 [Worker-107] INFO  o.e.m.c.i.e.AbstractTransferListenerAdapter - Downloading https://repo.maven.apache.org/maven2/org/apache/tomcat/tomcat-jsp-api/9.0.2/tomcat-jsp-api-9.0.2.jar
2018-04-26 20:40:49,094 [Worker-103] INFO  o.e.m.c.i.e.AbstractTransferListenerAdapter - Downloading https://repo.maven.apache.org/maven2/org/apache/tomcat/tomcat-el-api/9.0.2/tomcat-el-api-9.0.2.jar
2018-04-26 20:40:49,094 [Worker-115] INFO  o.e.m.c.i.e.AbstractTransferListenerAdapter - Downloading https://repo.maven.apache.org/maven2/org/apache/tomcat/tomcat-jdbc/9.0.2/tomcat-jdbc-9.0.2.jar
2018-04-26 20:40:49,094 [Worker-100] INFO  o.e.m.c.i.e.AbstractTransferListenerAdapter - Downloading https://repo.maven.apache.org/maven2/org/apache/tomcat/tomcat-storeconfig/9.0.2/tomcat-storeconfig-9.0.2.jar
2018-04-26 20:40:49,094 [Worker-111] INFO  o.e.m.c.i.e.AbstractTransferListenerAdapter - Downloading https://repo.maven.apache.org/maven2/org/apache/tomcat/tomcat-dbcp/9.0.2/tomcat-dbcp-9.0.2.jar
2018-04-26 20:40:49,094 [Worker-106] INFO  o.e.m.c.i.e.AbstractTransferListenerAdapter - Downloading https://repo.maven.apache.org/maven2/org/apache/tomcat/tomcat-jaspic-api/9.0.2/tomcat-jaspic-api-9.0.2.jar
2018-04-26 20:40:49,094 [Worker-105] INFO  o.e.m.c.i.e.AbstractTransferListenerAdapter - Downloading https://repo.maven.apache.org/maven2/org/apache/tomcat/tomcat-jasper/9.0.2/tomcat-jasper-9.0.2.jar
2018-04-26 20:40:49,109 [Worker-93] INFO  o.e.m.c.i.e.AbstractTransferListenerAdapter - Downloading https://repo.maven.apache.org/maven2/org/apache/tomcat/tomcat-tribes/9.0.2/tomcat-tribes-9.0.2.jar
2018-04-26 20:40:49,266 [Worker-109] INFO  o.e.m.c.i.e.AbstractTransferListenerAdapter - Downloaded https://repo.maven.apache.org/maven2/org/apache/tomcat/tomcat-api/9.0.2/tomcat-api-9.0.2.jar
2018-04-26 20:40:49,266 [Worker-92] INFO  o.e.m.c.i.e.AbstractTransferListenerAdapter - Downloaded https://repo.maven.apache.org/maven2/org/apache/tomcat/tomcat-annotations-api/9.0.2/tomcat-annotations-api-9.0.2.jar
2018-04-26 20:40:49,312 [Worker-113] INFO  o.e.m.c.i.e.AbstractTransferListenerAdapter - Downloaded https://repo.maven.apache.org/maven2/org/apache/tomcat/tomcat-i18n-fr/9.0.2/tomcat-i18n-fr-9.0.2.jar
2018-04-26 20:40:49,312 [Worker-116] INFO  o.e.m.c.i.e.AbstractTransferListenerAdapter - Downloaded https://repo.maven.apache.org/maven2/org/apache/tomcat/tomcat-jni/9.0.2/tomcat-jni-9.0.2.jar
2018-04-26 20:40:49,484 [Worker-120] INFO  o.e.m.c.i.e.AbstractTransferListenerAdapter - Downloaded https://repo.maven.apache.org/maven2/org/apache/tomcat/tomcat-websocket-api/9.0.2/tomcat-websocket-api-9.0.2.jar
2018-04-26 20:40:49,484 [Worker-112] INFO  o.e.m.c.i.e.AbstractTransferListenerAdapter - Downloaded https://repo.maven.apache.org/maven2/org/apache/tomcat/tomcat-i18n-es/9.0.2/tomcat-i18n-es-9.0.2.jar
2018-04-26 20:40:49,484 [Worker-106] INFO  o.e.m.c.i.e.AbstractTransferListenerAdapter - Downloaded https://repo.maven.apache.org/maven2/org/apache/tomcat/tomcat-jaspic-api/9.0.2/tomcat-jaspic-api-9.0.2.jar
2018-04-26 20:40:49,484 [Worker-114] INFO  o.e.m.c.i.e.AbstractTransferListenerAdapter - Downloaded https://repo.maven.apache.org/maven2/org/apache/tomcat/tomcat-i18n-ja/9.0.2/tomcat-i18n-ja-9.0.2.jar
2018-04-26 20:40:49,516 [Worker-100] INFO  o.e.m.c.i.e.AbstractTransferListenerAdapter - Downloaded https://repo.maven.apache.org/maven2/org/apache/tomcat/tomcat-storeconfig/9.0.2/tomcat-storeconfig-9.0.2.jar
2018-04-26 20:40:49,516 [Worker-102] INFO  o.e.m.c.i.e.AbstractTransferListenerAdapter - Downloaded https://repo.maven.apache.org/maven2/org/apache/tomcat/tomcat-catalina-ant/9.0.2/tomcat-catalina-ant-9.0.2.jar
2018-04-26 20:40:49,547 [Worker-103] INFO  o.e.m.c.i.e.AbstractTransferListenerAdapter - Downloaded https://repo.maven.apache.org/maven2/org/apache/tomcat/tomcat-el-api/9.0.2/tomcat-el-api-9.0.2.jar
2018-04-26 20:40:49,547 [Worker-107] INFO  o.e.m.c.i.e.AbstractTransferListenerAdapter - Downloaded https://repo.maven.apache.org/maven2/org/apache/tomcat/tomcat-jsp-api/9.0.2/tomcat-jsp-api-9.0.2.jar
2018-04-26 20:40:49,656 [Worker-117] INFO  o.e.m.c.i.e.AbstractTransferListenerAdapter - Downloaded https://repo.maven.apache.org/maven2/org/apache/tomcat/tomcat-util-scan/9.0.2/tomcat-util-scan-9.0.2.jar
2018-04-26 20:40:49,656 [Worker-104] INFO  o.e.m.c.i.e.AbstractTransferListenerAdapter - Downloaded https://repo.maven.apache.org/maven2/org/apache/tomcat/tomcat-jasper-el/9.0.2/tomcat-jasper-el-9.0.2.jar
2018-04-26 20:40:49,656 [Worker-67] INFO  o.e.m.c.i.e.AbstractTransferListenerAdapter - Downloaded https://repo.maven.apache.org/maven2/org/apache/tomcat/tomcat-catalina-ha/9.0.2/tomcat-catalina-ha-9.0.2.jar
2018-04-26 20:40:49,687 [Worker-118] INFO  o.e.m.c.i.e.AbstractTransferListenerAdapter - Downloaded https://repo.maven.apache.org/maven2/org/apache/tomcat/tomcat-util/9.0.2/tomcat-util-9.0.2.jar
2018-04-26 20:40:49,687 [Worker-115] INFO  o.e.m.c.i.e.AbstractTransferListenerAdapter - Downloaded https://repo.maven.apache.org/maven2/org/apache/tomcat/tomcat-jdbc/9.0.2/tomcat-jdbc-9.0.2.jar
2018-04-26 20:40:49,781 [Worker-111] INFO  o.e.m.c.i.e.AbstractTransferListenerAdapter - Downloaded https://repo.maven.apache.org/maven2/org/apache/tomcat/tomcat-dbcp/9.0.2/tomcat-dbcp-9.0.2.jar
2018-04-26 20:40:49,797 [Worker-108] INFO  o.e.m.c.i.e.AbstractTransferListenerAdapter - Downloaded https://repo.maven.apache.org/maven2/org/apache/tomcat/tomcat-servlet-api/9.0.2/tomcat-servlet-api-9.0.2.jar
2018-04-26 20:40:49,797 [Worker-119] INFO  o.e.m.c.i.e.AbstractTransferListenerAdapter - Downloaded https://repo.maven.apache.org/maven2/org/apache/tomcat/tomcat-websocket/9.0.2/tomcat-websocket-9.0.2.jar
2018-04-26 20:40:49,859 [Worker-93] INFO  o.e.m.c.i.e.AbstractTransferListenerAdapter - Downloaded https://repo.maven.apache.org/maven2/org/apache/tomcat/tomcat-tribes/9.0.2/tomcat-tribes-9.0.2.jar
2018-04-26 20:40:50,052 [Worker-105] INFO  o.e.m.c.i.e.AbstractTransferListenerAdapter - Downloaded https://repo.maven.apache.org/maven2/org/apache/tomcat/tomcat-jasper/9.0.2/tomcat-jasper-9.0.2.jar
2018-04-26 20:40:50,271 [Worker-110] INFO  o.e.m.c.i.e.AbstractTransferListenerAdapter - Downloaded https://repo.maven.apache.org/maven2/org/apache/tomcat/tomcat-coyote/9.0.2/tomcat-coyote-9.0.2.jar
2018-04-26 20:40:51,256 [Worker-101] INFO  o.e.m.c.i.e.AbstractTransferListenerAdapter - Downloaded https://repo.maven.apache.org/maven2/org/apache/tomcat/tomcat-catalina/9.0.2/tomcat-catalina-9.0.2.jar
2018-04-26 20:40:51,901 [Worker-91] INFO  o.e.m.c.i.e.AbstractTransferListenerAdapter - Downloaded https://repo.maven.apache.org/maven2/org/eclipse/jdt/ecj/3.12.3/ecj-3.12.3.jar
2018-04-26 20:40:57,132 [Worker-108] INFO  o.e.m.c.i.l.LifecycleMappingFactory - Using org.maven.ide.eclipse.wtp.WarLifecycleMapping lifecycle mapping for MavenProject: 11-WS-JSF-Padaria-Client:11-WS-JSF-Padaria-Client:0.0.1-SNAPSHOT @ D:\NAC2\11-WS-JSF-Padaria-Client\pom.xml.
2018-04-26 20:40:57,366 [Worker-108] INFO  o.e.m.j.i.AbstractJavaProjectConfigurator - Adding source folder /11-WS-JSF-Padaria-Client/src
2018-04-26 20:40:57,366 [Worker-108] INFO  o.e.m.j.i.AbstractJavaProjectConfigurator - Not adding source folder /11-WS-JSF-Padaria-Client/src/test/java because it overlaps with /11-WS-JSF-Padaria-Client/src
2018-04-26 20:40:57,710 [Worker-108] WARN  o.e.m.c.i.embedder.EclipseLogger - Using platform encoding (Cp1252 actually) to copy filtered resources, i.e. build is platform dependent!
2018-04-26 20:40:57,710 [Worker-108] INFO  o.e.m.c.i.embedder.EclipseLogger - skip non existing resourceDirectory D:\NAC2\11-WS-JSF-Padaria-Client\src\main\resources
2018-04-26 20:40:57,710 [Worker-108] WARN  o.e.m.c.i.embedder.EclipseLogger - Using platform encoding (Cp1252 actually) to copy filtered resources, i.e. build is platform dependent!
2018-04-26 20:40:57,710 [Worker-108] INFO  o.e.m.c.i.embedder.EclipseLogger - skip non existing resourceDirectory D:\NAC2\11-WS-JSF-Padaria-Client\src\test\resources
2018-04-26 20:40:57,788 [Worker-108] INFO  o.e.m.c.i.p.ProjectConfigurationManager - Update started
2018-04-26 20:40:57,913 [Worker-108] INFO  o.e.m.c.i.l.LifecycleMappingFactory - Using org.maven.ide.eclipse.wtp.WarLifecycleMapping lifecycle mapping for MavenProject: 11-WS-JSF-Padaria-Client:11-WS-JSF-Padaria-Client:0.0.1-SNAPSHOT @ D:\NAC2\11-WS-JSF-Padaria-Client\pom.xml.
2018-04-26 20:40:58,049 [Worker-108] INFO  o.e.m.j.i.AbstractJavaProjectConfigurator - Adding source folder /11-WS-JSF-Padaria-Client/src
2018-04-26 20:40:58,049 [Worker-108] INFO  o.e.m.j.i.AbstractJavaProjectConfigurator - Not adding source folder /11-WS-JSF-Padaria-Client/src/test/java because it overlaps with /11-WS-JSF-Padaria-Client/src
2018-04-26 20:41:29,478 [Worker-108] WARN  o.e.m.c.i.embedder.EclipseLogger - Using platform encoding (Cp1252 actually) to copy filtered resources, i.e. build is platform dependent!
2018-04-26 20:41:29,478 [Worker-108] INFO  o.e.m.c.i.embedder.EclipseLogger - skip non existing resourceDirectory D:\NAC2\11-WS-JSF-Padaria-Client\src\main\resources
2018-04-26 20:41:29,478 [Worker-108] WARN  o.e.m.c.i.embedder.EclipseLogger - Using platform encoding (Cp1252 actually) to copy filtered resources, i.e. build is platform dependent!
2018-04-26 20:41:29,478 [Worker-108] INFO  o.e.m.c.i.embedder.EclipseLogger - skip non existing resourceDirectory D:\NAC2\11-WS-JSF-Padaria-Client\src\test\resources
2018-04-26 20:41:29,478 [Worker-108] INFO  o.e.m.w.i.f.ResourceFilteringBuildParticipant - Changed resources require a complete clean of filtered resources of 11-WS-JSF-Padaria-Client
2018-04-26 20:41:29,478 [Worker-108] INFO  o.e.m.w.i.f.ResourceFilteringBuildParticipant - Executing resource filtering for 11-WS-JSF-Padaria-Client
2018-04-26 20:41:29,478 [Worker-108] WARN  o.e.m.c.i.embedder.EclipseLogger - Using platform encoding (Cp1252 actually) to copy filtered resources, i.e. build is platform dependent!
2018-04-26 20:41:29,536 [Worker-108] INFO  o.e.m.w.i.f.ResourceFilteringBuildParticipant - Cleaning filtered folder for 11-WS-JSF-Padaria-Client
2018-04-26 20:41:29,551 [Worker-108] INFO  o.e.m.c.i.p.ProjectConfigurationManager - Update completed: 31 sec
2018-04-26 20:41:30,572 [Worker-104] WARN  o.e.m.c.i.embedder.EclipseLogger - Using platform encoding (Cp1252 actually) to copy filtered resources, i.e. build is platform dependent!
2018-04-26 20:41:30,572 [Worker-104] INFO  o.e.m.c.i.embedder.EclipseLogger - skip non existing resourceDirectory D:\NAC2\11-WS-JSF-Padaria-Client\src\main\resources
2018-04-26 20:41:30,572 [Worker-104] WARN  o.e.m.c.i.embedder.EclipseLogger - Using platform encoding (Cp1252 actually) to copy filtered resources, i.e. build is platform dependent!
2018-04-26 20:41:30,572 [Worker-104] INFO  o.e.m.c.i.embedder.EclipseLogger - skip non existing resourceDirectory D:\NAC2\11-WS-JSF-Padaria-Client\src\test\resources
2018-04-26 20:41:30,572 [Worker-104] INFO  o.e.m.w.i.f.ResourceFilteringBuildParticipant - Changed resources require a complete clean of filtered resources of 11-WS-JSF-Padaria-Client
2018-04-26 20:41:30,572 [Worker-104] INFO  o.e.m.w.i.f.ResourceFilteringBuildParticipant - Executing resource filtering for 11-WS-JSF-Padaria-Client
2018-04-26 20:41:30,572 [Worker-104] WARN  o.e.m.c.i.embedder.EclipseLogger - Using platform encoding (Cp1252 actually) to copy filtered resources, i.e. build is platform dependent!
2018-04-26 20:42:05,940 [Worker-119] INFO  o.e.m.c.i.l.LifecycleMappingFactory - Using org.maven.ide.eclipse.wtp.WarLifecycleMapping lifecycle mapping for MavenProject: 10-JSF:10-JSF:0.0.1-SNAPSHOT @ D:\NAC2\11-WS-JSF-Padaria-Client\pom.xml.
2018-04-26 20:42:06,690 [Worker-119] WARN  o.e.m.c.i.embedder.EclipseLogger - Using platform encoding (Cp1252 actually) to copy filtered resources, i.e. build is platform dependent!
2018-04-26 20:42:06,690 [Worker-119] INFO  o.e.m.c.i.embedder.EclipseLogger - skip non existing resourceDirectory D:\NAC2\11-WS-JSF-Padaria-Client\src\main\resources
2018-04-26 20:42:06,690 [Worker-119] WARN  o.e.m.c.i.embedder.EclipseLogger - Using platform encoding (Cp1252 actually) to copy filtered resources, i.e. build is platform dependent!
2018-04-26 20:42:06,690 [Worker-119] INFO  o.e.m.c.i.embedder.EclipseLogger - skip non existing resourceDirectory D:\NAC2\11-WS-JSF-Padaria-Client\src\test\resources
2018-04-26 20:42:06,690 [Worker-119] INFO  o.e.m.w.i.f.ResourceFilteringBuildParticipant - Changed resources require a complete clean of filtered resources of 11-WS-JSF-Padaria-Client
2018-04-26 20:42:06,690 [Worker-119] INFO  o.e.m.w.i.f.ResourceFilteringBuildParticipant - Executing resource filtering for 11-WS-JSF-Padaria-Client
2018-04-26 20:42:06,705 [Worker-119] WARN  o.e.m.c.i.embedder.EclipseLogger - Using platform encoding (Cp1252 actually) to copy filtered resources, i.e. build is platform dependent!
2018-04-26 21:07:26,071 [Worker-127] WARN  o.e.m.c.i.embedder.EclipseLogger - Using platform encoding (Cp1252 actually) to copy filtered resources, i.e. build is platform dependent!
2018-04-26 21:07:26,071 [Worker-127] INFO  o.e.m.c.i.embedder.EclipseLogger - skip non existing resourceDirectory D:\NAC2\09-WS-Restful-Padaria-Server\src\main\resources
2018-04-26 21:07:26,071 [Worker-127] WARN  o.e.m.c.i.embedder.EclipseLogger - Using platform encoding (Cp1252 actually) to copy filtered resources, i.e. build is platform dependent!
2018-04-26 21:07:26,071 [Worker-127] INFO  o.e.m.c.i.embedder.EclipseLogger - skip non existing resourceDirectory D:\NAC2\09-WS-Restful-Padaria-Server\src\test\resources
2018-04-26 21:07:30,776 [Worker-124] WARN  o.e.m.c.i.embedder.EclipseLogger - Using platform encoding (Cp1252 actually) to copy filtered resources, i.e. build is platform dependent!
2018-04-26 21:07:30,776 [Worker-124] INFO  o.e.m.c.i.embedder.EclipseLogger - skip non existing resourceDirectory D:\NAC2\09-WS-Restful-Padaria-Server\src\main\resources
2018-04-26 21:07:30,776 [Worker-124] WARN  o.e.m.c.i.embedder.EclipseLogger - Using platform encoding (Cp1252 actually) to copy filtered resources, i.e. build is platform dependent!
2018-04-26 21:07:30,776 [Worker-124] INFO  o.e.m.c.i.embedder.EclipseLogger - skip non existing resourceDirectory D:\NAC2\09-WS-Restful-Padaria-Server\src\test\resources
2018-04-26 21:07:48,802 [Worker-111] WARN  o.e.m.c.i.embedder.EclipseLogger - Using platform encoding (Cp1252 actually) to copy filtered resources, i.e. build is platform dependent!
2018-04-26 21:07:48,802 [Worker-111] INFO  o.e.m.c.i.embedder.EclipseLogger - skip non existing resourceDirectory D:\NAC2\09-WS-Restful-Padaria-Server\src\main\resources
2018-04-26 21:07:48,802 [Worker-111] WARN  o.e.m.c.i.embedder.EclipseLogger - Using platform encoding (Cp1252 actually) to copy filtered resources, i.e. build is platform dependent!
2018-04-26 21:07:48,802 [Worker-111] INFO  o.e.m.c.i.embedder.EclipseLogger - skip non existing resourceDirectory D:\NAC2\09-WS-Restful-Padaria-Server\src\test\resources
2018-04-26 21:08:47,522 [Worker-124] WARN  o.e.m.c.i.embedder.EclipseLogger - Using platform encoding (Cp1252 actually) to copy filtered resources, i.e. build is platform dependent!
2018-04-26 21:08:47,522 [Worker-124] INFO  o.e.m.c.i.embedder.EclipseLogger - skip non existing resourceDirectory D:\NAC2\09-WS-Restful-Padaria-Server\src\main\resources
2018-04-26 21:08:47,522 [Worker-124] WARN  o.e.m.c.i.embedder.EclipseLogger - Using platform encoding (Cp1252 actually) to copy filtered resources, i.e. build is platform dependent!
2018-04-26 21:08:47,522 [Worker-124] INFO  o.e.m.c.i.embedder.EclipseLogger - skip non existing resourceDirectory D:\NAC2\09-WS-Restful-Padaria-Server\src\test\resources
2018-04-26 21:26:43,423 [Worker-111] WARN  o.e.m.c.i.embedder.EclipseLogger - Using platform encoding (Cp1252 actually) to copy filtered resources, i.e. build is platform dependent!
2018-04-26 21:26:43,423 [Worker-111] INFO  o.e.m.c.i.embedder.EclipseLogger - skip non existing resourceDirectory D:\NAC2\11-WS-JSF-Padaria-Client\src\main\resources
2018-04-26 21:26:43,423 [Worker-111] WARN  o.e.m.c.i.embedder.EclipseLogger - Using platform encoding (Cp1252 actually) to copy filtered resources, i.e. build is platform dependent!
2018-04-26 21:26:43,423 [Worker-111] INFO  o.e.m.c.i.embedder.EclipseLogger - skip non existing resourceDirectory D:\NAC2\11-WS-JSF-Padaria-Client\src\test\resources
2018-04-26 21:27:00,767 [Worker-129] WARN  o.e.m.c.i.embedder.EclipseLogger - Using platform encoding (Cp1252 actually) to copy filtered resources, i.e. build is platform dependent!
2018-04-26 21:27:00,767 [Worker-129] INFO  o.e.m.c.i.embedder.EclipseLogger - skip non existing resourceDirectory D:\NAC2\11-WS-JSF-Padaria-Client\src\main\resources
2018-04-26 21:27:00,767 [Worker-129] WARN  o.e.m.c.i.embedder.EclipseLogger - Using platform encoding (Cp1252 actually) to copy filtered resources, i.e. build is platform dependent!
2018-04-26 21:27:00,767 [Worker-129] INFO  o.e.m.c.i.embedder.EclipseLogger - skip non existing resourceDirectory D:\NAC2\11-WS-JSF-Padaria-Client\src\test\resources
2018-04-26 21:27:18,841 [Worker-131] WARN  o.e.m.c.i.embedder.EclipseLogger - Using platform encoding (Cp1252 actually) to copy filtered resources, i.e. build is platform dependent!
2018-04-26 21:27:18,841 [Worker-131] INFO  o.e.m.c.i.embedder.EclipseLogger - skip non existing resourceDirectory D:\NAC2\11-WS-JSF-Padaria-Client\src\main\resources
2018-04-26 21:27:18,841 [Worker-131] WARN  o.e.m.c.i.embedder.EclipseLogger - Using platform encoding (Cp1252 actually) to copy filtered resources, i.e. build is platform dependent!
2018-04-26 21:27:18,841 [Worker-131] INFO  o.e.m.c.i.embedder.EclipseLogger - skip non existing resourceDirectory D:\NAC2\11-WS-JSF-Padaria-Client\src\test\resources
2018-04-26 21:28:47,911 [Worker-132] WARN  o.e.m.c.i.embedder.EclipseLogger - Using platform encoding (Cp1252 actually) to copy filtered resources, i.e. build is platform dependent!
2018-04-26 21:28:47,911 [Worker-132] INFO  o.e.m.c.i.embedder.EclipseLogger - skip non existing resourceDirectory D:\NAC2\11-WS-JSF-Padaria-Client\src\main\resources
2018-04-26 21:28:47,911 [Worker-132] WARN  o.e.m.c.i.embedder.EclipseLogger - Using platform encoding (Cp1252 actually) to copy filtered resources, i.e. build is platform dependent!
2018-04-26 21:28:47,911 [Worker-132] INFO  o.e.m.c.i.embedder.EclipseLogger - skip non existing resourceDirectory D:\NAC2\11-WS-JSF-Padaria-Client\src\test\resources
2018-04-26 21:29:04,125 [Worker-131] WARN  o.e.m.c.i.embedder.EclipseLogger - Using platform encoding (Cp1252 actually) to copy filtered resources, i.e. build is platform dependent!
2018-04-26 21:29:04,125 [Worker-131] INFO  o.e.m.c.i.embedder.EclipseLogger - skip non existing resourceDirectory D:\NAC2\11-WS-JSF-Padaria-Client\src\main\resources
2018-04-26 21:29:04,125 [Worker-131] WARN  o.e.m.c.i.embedder.EclipseLogger - Using platform encoding (Cp1252 actually) to copy filtered resources, i.e. build is platform dependent!
2018-04-26 21:29:04,125 [Worker-131] INFO  o.e.m.c.i.embedder.EclipseLogger - skip non existing resourceDirectory D:\NAC2\11-WS-JSF-Padaria-Client\src\test\resources
2018-04-26 21:29:35,296 [Worker-129] WARN  o.e.m.c.i.embedder.EclipseLogger - Using platform encoding (Cp1252 actually) to copy filtered resources, i.e. build is platform dependent!
2018-04-26 21:29:35,296 [Worker-129] INFO  o.e.m.c.i.embedder.EclipseLogger - skip non existing resourceDirectory D:\NAC2\11-WS-JSF-Padaria-Client\src\main\resources
2018-04-26 21:29:35,296 [Worker-129] WARN  o.e.m.c.i.embedder.EclipseLogger - Using platform encoding (Cp1252 actually) to copy filtered resources, i.e. build is platform dependent!
2018-04-26 21:29:35,296 [Worker-129] INFO  o.e.m.c.i.embedder.EclipseLogger - skip non existing resourceDirectory D:\NAC2\11-WS-JSF-Padaria-Client\src\test\resources
2018-04-26 21:29:42,093 [Worker-132] WARN  o.e.m.c.i.embedder.EclipseLogger - Using platform encoding (Cp1252 actually) to copy filtered resources, i.e. build is platform dependent!
2018-04-26 21:29:42,093 [Worker-132] INFO  o.e.m.c.i.embedder.EclipseLogger - skip non existing resourceDirectory D:\NAC2\11-WS-JSF-Padaria-Client\src\main\resources
2018-04-26 21:29:42,093 [Worker-132] WARN  o.e.m.c.i.embedder.EclipseLogger - Using platform encoding (Cp1252 actually) to copy filtered resources, i.e. build is platform dependent!
2018-04-26 21:29:42,093 [Worker-132] INFO  o.e.m.c.i.embedder.EclipseLogger - skip non existing resourceDirectory D:\NAC2\11-WS-JSF-Padaria-Client\src\test\resources
2018-04-26 21:30:06,109 [Worker-133] WARN  o.e.m.c.i.embedder.EclipseLogger - Using platform encoding (Cp1252 actually) to copy filtered resources, i.e. build is platform dependent!
2018-04-26 21:30:06,109 [Worker-133] INFO  o.e.m.c.i.embedder.EclipseLogger - skip non existing resourceDirectory D:\NAC2\11-WS-JSF-Padaria-Client\src\main\resources
2018-04-26 21:30:06,109 [Worker-133] WARN  o.e.m.c.i.embedder.EclipseLogger - Using platform encoding (Cp1252 actually) to copy filtered resources, i.e. build is platform dependent!
2018-04-26 21:30:06,109 [Worker-133] INFO  o.e.m.c.i.embedder.EclipseLogger - skip non existing resourceDirectory D:\NAC2\11-WS-JSF-Padaria-Client\src\test\resources
2018-04-26 21:35:15,464 [Worker-130] WARN  o.e.m.c.i.embedder.EclipseLogger - Using platform encoding (Cp1252 actually) to copy filtered resources, i.e. build is platform dependent!
2018-04-26 21:35:15,464 [Worker-130] INFO  o.e.m.c.i.embedder.EclipseLogger - skip non existing resourceDirectory D:\NAC2\11-WS-JSF-Padaria-Client\src\main\resources
2018-04-26 21:35:15,464 [Worker-130] WARN  o.e.m.c.i.embedder.EclipseLogger - Using platform encoding (Cp1252 actually) to copy filtered resources, i.e. build is platform dependent!
2018-04-26 21:35:15,464 [Worker-130] INFO  o.e.m.c.i.embedder.EclipseLogger - skip non existing resourceDirectory D:\NAC2\11-WS-JSF-Padaria-Client\src\test\resources
2018-04-26 21:35:27,858 [Worker-111] WARN  o.e.m.c.i.embedder.EclipseLogger - Using platform encoding (Cp1252 actually) to copy filtered resources, i.e. build is platform dependent!
2018-04-26 21:35:27,858 [Worker-111] INFO  o.e.m.c.i.embedder.EclipseLogger - skip non existing resourceDirectory D:\NAC2\11-WS-JSF-Padaria-Client\src\main\resources
2018-04-26 21:35:27,858 [Worker-111] WARN  o.e.m.c.i.embedder.EclipseLogger - Using platform encoding (Cp1252 actually) to copy filtered resources, i.e. build is platform dependent!
2018-04-26 21:35:27,858 [Worker-111] INFO  o.e.m.c.i.embedder.EclipseLogger - skip non existing resourceDirectory D:\NAC2\11-WS-JSF-Padaria-Client\src\test\resources
2018-04-26 21:35:51,545 [Worker-135] WARN  o.e.m.c.i.embedder.EclipseLogger - Using platform encoding (Cp1252 actually) to copy filtered resources, i.e. build is platform dependent!
2018-04-26 21:35:51,545 [Worker-135] INFO  o.e.m.c.i.embedder.EclipseLogger - skip non existing resourceDirectory D:\NAC2\11-WS-JSF-Padaria-Client\src\main\resources
2018-04-26 21:35:51,545 [Worker-135] WARN  o.e.m.c.i.embedder.EclipseLogger - Using platform encoding (Cp1252 actually) to copy filtered resources, i.e. build is platform dependent!
2018-04-26 21:35:51,545 [Worker-135] INFO  o.e.m.c.i.embedder.EclipseLogger - skip non existing resourceDirectory D:\NAC2\11-WS-JSF-Padaria-Client\src\test\resources
2018-04-26 21:35:57,511 [Worker-132] WARN  o.e.m.c.i.embedder.EclipseLogger - Using platform encoding (Cp1252 actually) to copy filtered resources, i.e. build is platform dependent!
2018-04-26 21:35:57,511 [Worker-132] INFO  o.e.m.c.i.embedder.EclipseLogger - skip non existing resourceDirectory D:\NAC2\11-WS-JSF-Padaria-Client\src\main\resources
2018-04-26 21:35:57,511 [Worker-132] WARN  o.e.m.c.i.embedder.EclipseLogger - Using platform encoding (Cp1252 actually) to copy filtered resources, i.e. build is platform dependent!
2018-04-26 21:35:57,511 [Worker-132] INFO  o.e.m.c.i.embedder.EclipseLogger - skip non existing resourceDirectory D:\NAC2\11-WS-JSF-Padaria-Client\src\test\resources
2018-04-26 21:36:04,931 [Worker-136] WARN  o.e.m.c.i.embedder.EclipseLogger - Using platform encoding (Cp1252 actually) to copy filtered resources, i.e. build is platform dependent!
2018-04-26 21:36:04,931 [Worker-136] INFO  o.e.m.c.i.embedder.EclipseLogger - skip non existing resourceDirectory D:\NAC2\11-WS-JSF-Padaria-Client\src\main\resources
2018-04-26 21:36:04,931 [Worker-136] WARN  o.e.m.c.i.embedder.EclipseLogger - Using platform encoding (Cp1252 actually) to copy filtered resources, i.e. build is platform dependent!
2018-04-26 21:36:04,931 [Worker-136] INFO  o.e.m.c.i.embedder.EclipseLogger - skip non existing resourceDirectory D:\NAC2\11-WS-JSF-Padaria-Client\src\test\resources
2018-04-26 21:36:12,015 [Worker-111] WARN  o.e.m.c.i.embedder.EclipseLogger - Using platform encoding (Cp1252 actually) to copy filtered resources, i.e. build is platform dependent!
2018-04-26 21:36:12,015 [Worker-111] INFO  o.e.m.c.i.embedder.EclipseLogger - skip non existing resourceDirectory D:\NAC2\11-WS-JSF-Padaria-Client\src\main\resources
2018-04-26 21:36:12,015 [Worker-111] WARN  o.e.m.c.i.embedder.EclipseLogger - Using platform encoding (Cp1252 actually) to copy filtered resources, i.e. build is platform dependent!
2018-04-26 21:36:12,015 [Worker-111] INFO  o.e.m.c.i.embedder.EclipseLogger - skip non existing resourceDirectory D:\NAC2\11-WS-JSF-Padaria-Client\src\test\resources
2018-04-26 21:38:50,315 [Worker-130] WARN  o.e.m.c.i.embedder.EclipseLogger - Using platform encoding (Cp1252 actually) to copy filtered resources, i.e. build is platform dependent!
2018-04-26 21:38:50,315 [Worker-130] INFO  o.e.m.c.i.embedder.EclipseLogger - skip non existing resourceDirectory D:\NAC2\11-WS-JSF-Padaria-Client\src\main\resources
2018-04-26 21:38:50,315 [Worker-130] WARN  o.e.m.c.i.embedder.EclipseLogger - Using platform encoding (Cp1252 actually) to copy filtered resources, i.e. build is platform dependent!
2018-04-26 21:38:50,315 [Worker-130] INFO  o.e.m.c.i.embedder.EclipseLogger - skip non existing resourceDirectory D:\NAC2\11-WS-JSF-Padaria-Client\src\test\resources
2018-04-26 21:39:55,861 [Worker-111] WARN  o.e.m.c.i.embedder.EclipseLogger - Using platform encoding (Cp1252 actually) to copy filtered resources, i.e. build is platform dependent!
2018-04-26 21:39:55,861 [Worker-111] INFO  o.e.m.c.i.embedder.EclipseLogger - skip non existing resourceDirectory D:\NAC2\11-WS-JSF-Padaria-Client\src\main\resources
2018-04-26 21:39:55,861 [Worker-111] WARN  o.e.m.c.i.embedder.EclipseLogger - Using platform encoding (Cp1252 actually) to copy filtered resources, i.e. build is platform dependent!
2018-04-26 21:39:55,861 [Worker-111] INFO  o.e.m.c.i.embedder.EclipseLogger - skip non existing resourceDirectory D:\NAC2\11-WS-JSF-Padaria-Client\src\test\resources
2018-04-26 21:40:03,845 [Worker-111] WARN  o.e.m.c.i.embedder.EclipseLogger - Using platform encoding (Cp1252 actually) to copy filtered resources, i.e. build is platform dependent!
2018-04-26 21:40:03,845 [Worker-111] INFO  o.e.m.c.i.embedder.EclipseLogger - skip non existing resourceDirectory D:\NAC2\11-WS-JSF-Padaria-Client\src\main\resources
2018-04-26 21:40:03,845 [Worker-111] WARN  o.e.m.c.i.embedder.EclipseLogger - Using platform encoding (Cp1252 actually) to copy filtered resources, i.e. build is platform dependent!
2018-04-26 21:40:03,845 [Worker-111] INFO  o.e.m.c.i.embedder.EclipseLogger - skip non existing resourceDirectory D:\NAC2\11-WS-JSF-Padaria-Client\src\test\resources
2018-04-26 21:40:23,361 [Worker-136] WARN  o.e.m.c.i.embedder.EclipseLogger - Using platform encoding (Cp1252 actually) to copy filtered resources, i.e. build is platform dependent!
2018-04-26 21:40:23,361 [Worker-136] INFO  o.e.m.c.i.embedder.EclipseLogger - skip non existing resourceDirectory D:\NAC2\11-WS-JSF-Padaria-Client\src\main\resources
2018-04-26 21:40:23,361 [Worker-136] WARN  o.e.m.c.i.embedder.EclipseLogger - Using platform encoding (Cp1252 actually) to copy filtered resources, i.e. build is platform dependent!
2018-04-26 21:40:23,361 [Worker-136] INFO  o.e.m.c.i.embedder.EclipseLogger - skip non existing resourceDirectory D:\NAC2\11-WS-JSF-Padaria-Client\src\test\resources
2018-04-26 21:42:09,188 [Worker-129] WARN  o.e.m.c.i.embedder.EclipseLogger - Using platform encoding (Cp1252 actually) to copy filtered resources, i.e. build is platform dependent!
2018-04-26 21:42:09,188 [Worker-129] INFO  o.e.m.c.i.embedder.EclipseLogger - skip non existing resourceDirectory D:\NAC2\11-WS-JSF-Padaria-Client\src\main\resources
2018-04-26 21:42:09,188 [Worker-129] WARN  o.e.m.c.i.embedder.EclipseLogger - Using platform encoding (Cp1252 actually) to copy filtered resources, i.e. build is platform dependent!
2018-04-26 21:42:09,188 [Worker-129] INFO  o.e.m.c.i.embedder.EclipseLogger - skip non existing resourceDirectory D:\NAC2\11-WS-JSF-Padaria-Client\src\test\resources
2018-04-26 21:45:32,364 [Worker-130] WARN  o.e.m.c.i.embedder.EclipseLogger - Using platform encoding (Cp1252 actually) to copy filtered resources, i.e. build is platform dependent!
2018-04-26 21:45:32,364 [Worker-130] INFO  o.e.m.c.i.embedder.EclipseLogger - skip non existing resourceDirectory D:\NAC2\11-WS-JSF-Padaria-Client\src\main\resources
2018-04-26 21:45:32,364 [Worker-130] WARN  o.e.m.c.i.embedder.EclipseLogger - Using platform encoding (Cp1252 actually) to copy filtered resources, i.e. build is platform dependent!
2018-04-26 21:45:32,364 [Worker-130] INFO  o.e.m.c.i.embedder.EclipseLogger - skip non existing resourceDirectory D:\NAC2\11-WS-JSF-Padaria-Client\src\test\resources
2018-04-26 21:45:51,899 [Worker-142] WARN  o.e.m.c.i.embedder.EclipseLogger - Using platform encoding (Cp1252 actually) to copy filtered resources, i.e. build is platform dependent!
2018-04-26 21:45:51,899 [Worker-142] INFO  o.e.m.c.i.embedder.EclipseLogger - skip non existing resourceDirectory D:\NAC2\11-WS-JSF-Padaria-Client\src\main\resources
2018-04-26 21:45:51,899 [Worker-142] WARN  o.e.m.c.i.embedder.EclipseLogger - Using platform encoding (Cp1252 actually) to copy filtered resources, i.e. build is platform dependent!
2018-04-26 21:45:51,899 [Worker-142] INFO  o.e.m.c.i.embedder.EclipseLogger - skip non existing resourceDirectory D:\NAC2\11-WS-JSF-Padaria-Client\src\test\resources
2018-04-26 21:45:52,977 [Worker-140] WARN  o.e.m.c.i.embedder.EclipseLogger - Using platform encoding (Cp1252 actually) to copy filtered resources, i.e. build is platform dependent!
2018-04-26 21:45:52,977 [Worker-140] INFO  o.e.m.c.i.embedder.EclipseLogger - skip non existing resourceDirectory D:\NAC2\11-WS-JSF-Padaria-Client\src\main\resources
2018-04-26 21:45:52,978 [Worker-140] WARN  o.e.m.c.i.embedder.EclipseLogger - Using platform encoding (Cp1252 actually) to copy filtered resources, i.e. build is platform dependent!
2018-04-26 21:45:52,978 [Worker-140] INFO  o.e.m.c.i.embedder.EclipseLogger - skip non existing resourceDirectory D:\NAC2\11-WS-JSF-Padaria-Client\src\test\resources
2018-04-26 21:46:05,154 [Worker-140] WARN  o.e.m.c.i.embedder.EclipseLogger - Using platform encoding (Cp1252 actually) to copy filtered resources, i.e. build is platform dependent!
2018-04-26 21:46:05,154 [Worker-140] INFO  o.e.m.c.i.embedder.EclipseLogger - skip non existing resourceDirectory D:\NAC2\11-WS-JSF-Padaria-Client\src\main\resources
2018-04-26 21:46:05,154 [Worker-140] WARN  o.e.m.c.i.embedder.EclipseLogger - Using platform encoding (Cp1252 actually) to copy filtered resources, i.e. build is platform dependent!
2018-04-26 21:46:05,154 [Worker-140] INFO  o.e.m.c.i.embedder.EclipseLogger - skip non existing resourceDirectory D:\NAC2\11-WS-JSF-Padaria-Client\src\test\resources
2018-04-26 21:46:19,902 [Worker-138] WARN  o.e.m.c.i.embedder.EclipseLogger - Using platform encoding (Cp1252 actually) to copy filtered resources, i.e. build is platform dependent!
2018-04-26 21:46:19,902 [Worker-138] INFO  o.e.m.c.i.embedder.EclipseLogger - skip non existing resourceDirectory D:\NAC2\11-WS-JSF-Padaria-Client\src\main\resources
2018-04-26 21:46:19,902 [Worker-138] WARN  o.e.m.c.i.embedder.EclipseLogger - Using platform encoding (Cp1252 actually) to copy filtered resources, i.e. build is platform dependent!
2018-04-26 21:46:19,902 [Worker-138] INFO  o.e.m.c.i.embedder.EclipseLogger - skip non existing resourceDirectory D:\NAC2\11-WS-JSF-Padaria-Client\src\test\resources
2018-04-26 21:46:48,013 [Worker-138] WARN  o.e.m.c.i.embedder.EclipseLogger - Using platform encoding (Cp1252 actually) to copy filtered resources, i.e. build is platform dependent!
2018-04-26 21:46:48,013 [Worker-138] INFO  o.e.m.c.i.embedder.EclipseLogger - skip non existing resourceDirectory D:\NAC2\11-WS-JSF-Padaria-Client\src\main\resources
2018-04-26 21:46:48,013 [Worker-138] WARN  o.e.m.c.i.embedder.EclipseLogger - Using platform encoding (Cp1252 actually) to copy filtered resources, i.e. build is platform dependent!
2018-04-26 21:46:48,013 [Worker-138] INFO  o.e.m.c.i.embedder.EclipseLogger - skip non existing resourceDirectory D:\NAC2\11-WS-JSF-Padaria-Client\src\test\resources
2018-04-26 21:47:22,545 [Worker-144] WARN  o.e.m.c.i.embedder.EclipseLogger - Using platform encoding (Cp1252 actually) to copy filtered resources, i.e. build is platform dependent!
2018-04-26 21:47:22,545 [Worker-144] INFO  o.e.m.c.i.embedder.EclipseLogger - skip non existing resourceDirectory D:\NAC2\11-WS-JSF-Padaria-Client\src\main\resources
2018-04-26 21:47:22,560 [Worker-144] WARN  o.e.m.c.i.embedder.EclipseLogger - Using platform encoding (Cp1252 actually) to copy filtered resources, i.e. build is platform dependent!
2018-04-26 21:47:22,560 [Worker-144] INFO  o.e.m.c.i.embedder.EclipseLogger - skip non existing resourceDirectory D:\NAC2\11-WS-JSF-Padaria-Client\src\test\resources
2018-04-26 21:47:29,029 [Worker-131] WARN  o.e.m.c.i.embedder.EclipseLogger - Using platform encoding (Cp1252 actually) to copy filtered resources, i.e. build is platform dependent!
2018-04-26 21:47:29,029 [Worker-131] INFO  o.e.m.c.i.embedder.EclipseLogger - skip non existing resourceDirectory D:\NAC2\11-WS-JSF-Padaria-Client\src\main\resources
2018-04-26 21:47:29,029 [Worker-131] WARN  o.e.m.c.i.embedder.EclipseLogger - Using platform encoding (Cp1252 actually) to copy filtered resources, i.e. build is platform dependent!
2018-04-26 21:47:29,029 [Worker-131] INFO  o.e.m.c.i.embedder.EclipseLogger - skip non existing resourceDirectory D:\NAC2\11-WS-JSF-Padaria-Client\src\test\resources
2018-04-26 21:47:37,011 [Worker-129] WARN  o.e.m.c.i.embedder.EclipseLogger - Using platform encoding (Cp1252 actually) to copy filtered resources, i.e. build is platform dependent!
2018-04-26 21:47:37,011 [Worker-129] INFO  o.e.m.c.i.embedder.EclipseLogger - skip non existing resourceDirectory D:\NAC2\11-WS-JSF-Padaria-Client\src\main\resources
2018-04-26 21:47:37,027 [Worker-129] WARN  o.e.m.c.i.embedder.EclipseLogger - Using platform encoding (Cp1252 actually) to copy filtered resources, i.e. build is platform dependent!
2018-04-26 21:47:37,027 [Worker-129] INFO  o.e.m.c.i.embedder.EclipseLogger - skip non existing resourceDirectory D:\NAC2\11-WS-JSF-Padaria-Client\src\test\resources
2018-04-26 21:51:52,509 [Worker-144] WARN  o.e.m.c.i.embedder.EclipseLogger - Using platform encoding (Cp1252 actually) to copy filtered resources, i.e. build is platform dependent!
2018-04-26 21:51:52,509 [Worker-144] INFO  o.e.m.c.i.embedder.EclipseLogger - skip non existing resourceDirectory D:\NAC2\11-WS-JSF-Padaria-Client\src\main\resources
2018-04-26 21:51:52,509 [Worker-144] WARN  o.e.m.c.i.embedder.EclipseLogger - Using platform encoding (Cp1252 actually) to copy filtered resources, i.e. build is platform dependent!
2018-04-26 21:51:52,509 [Worker-144] INFO  o.e.m.c.i.embedder.EclipseLogger - skip non existing resourceDirectory D:\NAC2\11-WS-JSF-Padaria-Client\src\test\resources
2018-04-26 21:52:32,578 [Worker-145] WARN  o.e.m.c.i.embedder.EclipseLogger - Using platform encoding (Cp1252 actually) to copy filtered resources, i.e. build is platform dependent!
2018-04-26 21:52:32,578 [Worker-145] INFO  o.e.m.c.i.embedder.EclipseLogger - skip non existing resourceDirectory D:\NAC2\11-WS-JSF-Padaria-Client\src\main\resources
2018-04-26 21:52:32,578 [Worker-145] WARN  o.e.m.c.i.embedder.EclipseLogger - Using platform encoding (Cp1252 actually) to copy filtered resources, i.e. build is platform dependent!
2018-04-26 21:52:32,578 [Worker-145] INFO  o.e.m.c.i.embedder.EclipseLogger - skip non existing resourceDirectory D:\NAC2\11-WS-JSF-Padaria-Client\src\test\resources
2018-04-26 21:53:59,757 [Worker-140] WARN  o.e.m.c.i.embedder.EclipseLogger - Using platform encoding (Cp1252 actually) to copy filtered resources, i.e. build is platform dependent!
2018-04-26 21:53:59,757 [Worker-140] INFO  o.e.m.c.i.embedder.EclipseLogger - skip non existing resourceDirectory D:\NAC2\11-WS-JSF-Padaria-Client\src\main\resources
2018-04-26 21:53:59,757 [Worker-140] WARN  o.e.m.c.i.embedder.EclipseLogger - Using platform encoding (Cp1252 actually) to copy filtered resources, i.e. build is platform dependent!
2018-04-26 21:53:59,757 [Worker-140] INFO  o.e.m.c.i.embedder.EclipseLogger - skip non existing resourceDirectory D:\NAC2\11-WS-JSF-Padaria-Client\src\test\resources
2018-04-26 21:54:52,910 [Worker-131] WARN  o.e.m.c.i.embedder.EclipseLogger - Using platform encoding (Cp1252 actually) to copy filtered resources, i.e. build is platform dependent!
2018-04-26 21:54:52,910 [Worker-131] INFO  o.e.m.c.i.embedder.EclipseLogger - skip non existing resourceDirectory D:\NAC2\11-WS-JSF-Padaria-Client\src\main\resources
2018-04-26 21:54:52,910 [Worker-131] WARN  o.e.m.c.i.embedder.EclipseLogger - Using platform encoding (Cp1252 actually) to copy filtered resources, i.e. build is platform dependent!
2018-04-26 21:54:52,910 [Worker-131] INFO  o.e.m.c.i.embedder.EclipseLogger - skip non existing resourceDirectory D:\NAC2\11-WS-JSF-Padaria-Client\src\test\resources
2018-04-26 21:56:22,305 [Worker-131] WARN  o.e.m.c.i.embedder.EclipseLogger - Using platform encoding (Cp1252 actually) to copy filtered resources, i.e. build is platform dependent!
2018-04-26 21:56:22,305 [Worker-131] INFO  o.e.m.c.i.embedder.EclipseLogger - skip non existing resourceDirectory D:\NAC2\11-WS-JSF-Padaria-Client\src\main\resources
2018-04-26 21:56:22,305 [Worker-131] WARN  o.e.m.c.i.embedder.EclipseLogger - Using platform encoding (Cp1252 actually) to copy filtered resources, i.e. build is platform dependent!
2018-04-26 21:56:22,305 [Worker-131] INFO  o.e.m.c.i.embedder.EclipseLogger - skip non existing resourceDirectory D:\NAC2\11-WS-JSF-Padaria-Client\src\test\resources
2018-04-26 21:57:49,462 [Worker-141] WARN  o.e.m.c.i.embedder.EclipseLogger - Using platform encoding (Cp1252 actually) to copy filtered resources, i.e. build is platform dependent!
2018-04-26 21:57:49,462 [Worker-141] INFO  o.e.m.c.i.embedder.EclipseLogger - skip non existing resourceDirectory D:\NAC2\11-WS-JSF-Padaria-Client\src\main\resources
2018-04-26 21:57:49,462 [Worker-141] WARN  o.e.m.c.i.embedder.EclipseLogger - Using platform encoding (Cp1252 actually) to copy filtered resources, i.e. build is platform dependent!
2018-04-26 21:57:49,462 [Worker-141] INFO  o.e.m.c.i.embedder.EclipseLogger - skip non existing resourceDirectory D:\NAC2\11-WS-JSF-Padaria-Client\src\test\resources
2018-04-26 21:58:37,847 [Worker-137] WARN  o.e.m.c.i.embedder.EclipseLogger - Using platform encoding (Cp1252 actually) to copy filtered resources, i.e. build is platform dependent!
2018-04-26 21:58:37,847 [Worker-137] INFO  o.e.m.c.i.embedder.EclipseLogger - skip non existing resourceDirectory D:\NAC2\11-WS-JSF-Padaria-Client\src\main\resources
2018-04-26 21:58:37,847 [Worker-137] WARN  o.e.m.c.i.embedder.EclipseLogger - Using platform encoding (Cp1252 actually) to copy filtered resources, i.e. build is platform dependent!
2018-04-26 21:58:37,847 [Worker-137] INFO  o.e.m.c.i.embedder.EclipseLogger - skip non existing resourceDirectory D:\NAC2\11-WS-JSF-Padaria-Client\src\test\resources
2018-04-26 22:00:32,705 [Worker-135] WARN  o.e.m.c.i.embedder.EclipseLogger - Using platform encoding (Cp1252 actually) to copy filtered resources, i.e. build is platform dependent!
2018-04-26 22:00:32,705 [Worker-135] INFO  o.e.m.c.i.embedder.EclipseLogger - skip non existing resourceDirectory D:\NAC2\11-WS-JSF-Padaria-Client\src\main\resources
2018-04-26 22:00:32,705 [Worker-135] WARN  o.e.m.c.i.embedder.EclipseLogger - Using platform encoding (Cp1252 actually) to copy filtered resources, i.e. build is platform dependent!
2018-04-26 22:00:32,705 [Worker-135] INFO  o.e.m.c.i.embedder.EclipseLogger - skip non existing resourceDirectory D:\NAC2\11-WS-JSF-Padaria-Client\src\test\resources
2018-04-26 22:02:12,706 [Worker-137] WARN  o.e.m.c.i.embedder.EclipseLogger - Using platform encoding (Cp1252 actually) to copy filtered resources, i.e. build is platform dependent!
2018-04-26 22:02:12,706 [Worker-137] INFO  o.e.m.c.i.embedder.EclipseLogger - skip non existing resourceDirectory D:\NAC2\11-WS-JSF-Padaria-Client\src\main\resources
2018-04-26 22:02:12,706 [Worker-137] WARN  o.e.m.c.i.embedder.EclipseLogger - Using platform encoding (Cp1252 actually) to copy filtered resources, i.e. build is platform dependent!
2018-04-26 22:02:12,706 [Worker-137] INFO  o.e.m.c.i.embedder.EclipseLogger - skip non existing resourceDirectory D:\NAC2\11-WS-JSF-Padaria-Client\src\test\resources
2018-04-26 22:02:21,190 [Worker-130] WARN  o.e.m.c.i.embedder.EclipseLogger - Using platform encoding (Cp1252 actually) to copy filtered resources, i.e. build is platform dependent!
2018-04-26 22:02:21,190 [Worker-130] INFO  o.e.m.c.i.embedder.EclipseLogger - skip non existing resourceDirectory D:\NAC2\11-WS-JSF-Padaria-Client\src\main\resources
2018-04-26 22:02:21,190 [Worker-130] WARN  o.e.m.c.i.embedder.EclipseLogger - Using platform encoding (Cp1252 actually) to copy filtered resources, i.e. build is platform dependent!
2018-04-26 22:02:21,190 [Worker-130] INFO  o.e.m.c.i.embedder.EclipseLogger - skip non existing resourceDirectory D:\NAC2\11-WS-JSF-Padaria-Client\src\test\resources
2018-04-26 22:02:32,065 [Worker-140] WARN  o.e.m.c.i.embedder.EclipseLogger - Using platform encoding (Cp1252 actually) to copy filtered resources, i.e. build is platform dependent!
2018-04-26 22:02:32,065 [Worker-140] INFO  o.e.m.c.i.embedder.EclipseLogger - skip non existing resourceDirectory D:\NAC2\11-WS-JSF-Padaria-Client\src\main\resources
2018-04-26 22:02:32,065 [Worker-140] WARN  o.e.m.c.i.embedder.EclipseLogger - Using platform encoding (Cp1252 actually) to copy filtered resources, i.e. build is platform dependent!
2018-04-26 22:02:32,065 [Worker-140] INFO  o.e.m.c.i.embedder.EclipseLogger - skip non existing resourceDirectory D:\NAC2\11-WS-JSF-Padaria-Client\src\test\resources
2018-04-26 22:02:45,236 [Worker-140] WARN  o.e.m.c.i.embedder.EclipseLogger - Using platform encoding (Cp1252 actually) to copy filtered resources, i.e. build is platform dependent!
2018-04-26 22:02:45,236 [Worker-140] INFO  o.e.m.c.i.embedder.EclipseLogger - skip non existing resourceDirectory D:\NAC2\11-WS-JSF-Padaria-Client\src\main\resources
2018-04-26 22:02:45,236 [Worker-140] WARN  o.e.m.c.i.embedder.EclipseLogger - Using platform encoding (Cp1252 actually) to copy filtered resources, i.e. build is platform dependent!
2018-04-26 22:02:45,236 [Worker-140] INFO  o.e.m.c.i.embedder.EclipseLogger - skip non existing resourceDirectory D:\NAC2\11-WS-JSF-Padaria-Client\src\test\resources
2018-04-26 22:03:15,514 [Worker-144] WARN  o.e.m.c.i.embedder.EclipseLogger - Using platform encoding (Cp1252 actually) to copy filtered resources, i.e. build is platform dependent!
2018-04-26 22:03:15,514 [Worker-144] INFO  o.e.m.c.i.embedder.EclipseLogger - skip non existing resourceDirectory D:\NAC2\11-WS-JSF-Padaria-Client\src\main\resources
2018-04-26 22:03:15,514 [Worker-144] WARN  o.e.m.c.i.embedder.EclipseLogger - Using platform encoding (Cp1252 actually) to copy filtered resources, i.e. build is platform dependent!
2018-04-26 22:03:15,514 [Worker-144] INFO  o.e.m.c.i.embedder.EclipseLogger - skip non existing resourceDirectory D:\NAC2\11-WS-JSF-Padaria-Client\src\test\resources
2018-04-26 22:04:42,359 [Worker-136] WARN  o.e.m.c.i.embedder.EclipseLogger - Using platform encoding (Cp1252 actually) to copy filtered resources, i.e. build is platform dependent!
2018-04-26 22:04:42,359 [Worker-136] INFO  o.e.m.c.i.embedder.EclipseLogger - skip non existing resourceDirectory D:\NAC2\11-WS-JSF-Padaria-Client\src\main\resources
2018-04-26 22:04:42,359 [Worker-136] WARN  o.e.m.c.i.embedder.EclipseLogger - Using platform encoding (Cp1252 actually) to copy filtered resources, i.e. build is platform dependent!
2018-04-26 22:04:42,359 [Worker-136] INFO  o.e.m.c.i.embedder.EclipseLogger - skip non existing resourceDirectory D:\NAC2\11-WS-JSF-Padaria-Client\src\test\resources
2018-04-26 22:07:20,096 [Worker-141] WARN  o.e.m.c.i.embedder.EclipseLogger - Using platform encoding (Cp1252 actually) to copy filtered resources, i.e. build is platform dependent!
2018-04-26 22:07:20,096 [Worker-141] INFO  o.e.m.c.i.embedder.EclipseLogger - skip non existing resourceDirectory D:\NAC2\11-WS-JSF-Padaria-Client\src\main\resources
2018-04-26 22:07:20,096 [Worker-141] WARN  o.e.m.c.i.embedder.EclipseLogger - Using platform encoding (Cp1252 actually) to copy filtered resources, i.e. build is platform dependent!
2018-04-26 22:07:20,096 [Worker-141] INFO  o.e.m.c.i.embedder.EclipseLogger - skip non existing resourceDirectory D:\NAC2\11-WS-JSF-Padaria-Client\src\test\resources
2018-04-26 22:08:12,519 [Worker-144] WARN  o.e.m.c.i.embedder.EclipseLogger - Using platform encoding (Cp1252 actually) to copy filtered resources, i.e. build is platform dependent!
2018-04-26 22:08:12,519 [Worker-144] INFO  o.e.m.c.i.embedder.EclipseLogger - skip non existing resourceDirectory D:\NAC2\11-WS-JSF-Padaria-Client\src\main\resources
2018-04-26 22:08:12,519 [Worker-144] WARN  o.e.m.c.i.embedder.EclipseLogger - Using platform encoding (Cp1252 actually) to copy filtered resources, i.e. build is platform dependent!
2018-04-26 22:08:12,519 [Worker-144] INFO  o.e.m.c.i.embedder.EclipseLogger - skip non existing resourceDirectory D:\NAC2\11-WS-JSF-Padaria-Client\src\test\resources
2018-04-26 22:08:51,977 [Worker-137] WARN  o.e.m.c.i.embedder.EclipseLogger - Using platform encoding (Cp1252 actually) to copy filtered resources, i.e. build is platform dependent!
2018-04-26 22:08:51,977 [Worker-137] INFO  o.e.m.c.i.embedder.EclipseLogger - skip non existing resourceDirectory D:\NAC2\11-WS-JSF-Padaria-Client\src\main\resources
2018-04-26 22:08:51,977 [Worker-137] WARN  o.e.m.c.i.embedder.EclipseLogger - Using platform encoding (Cp1252 actually) to copy filtered resources, i.e. build is platform dependent!
2018-04-26 22:08:51,992 [Worker-137] INFO  o.e.m.c.i.embedder.EclipseLogger - skip non existing resourceDirectory D:\NAC2\11-WS-JSF-Padaria-Client\src\test\resources
2018-04-26 22:09:12,728 [Worker-141] WARN  o.e.m.c.i.embedder.EclipseLogger - Using platform encoding (Cp1252 actually) to copy filtered resources, i.e. build is platform dependent!
2018-04-26 22:09:12,728 [Worker-141] INFO  o.e.m.c.i.embedder.EclipseLogger - skip non existing resourceDirectory D:\NAC2\11-WS-JSF-Padaria-Client\src\main\resources
2018-04-26 22:09:12,728 [Worker-141] WARN  o.e.m.c.i.embedder.EclipseLogger - Using platform encoding (Cp1252 actually) to copy filtered resources, i.e. build is platform dependent!
2018-04-26 22:09:12,728 [Worker-141] INFO  o.e.m.c.i.embedder.EclipseLogger - skip non existing resourceDirectory D:\NAC2\11-WS-JSF-Padaria-Client\src\test\resources
2018-04-26 22:09:43,617 [Worker-129] WARN  o.e.m.c.i.embedder.EclipseLogger - Using platform encoding (Cp1252 actually) to copy filtered resources, i.e. build is platform dependent!
2018-04-26 22:09:43,617 [Worker-129] INFO  o.e.m.c.i.embedder.EclipseLogger - skip non existing resourceDirectory D:\NAC2\11-WS-JSF-Padaria-Client\src\main\resources
2018-04-26 22:09:43,617 [Worker-129] WARN  o.e.m.c.i.embedder.EclipseLogger - Using platform encoding (Cp1252 actually) to copy filtered resources, i.e. build is platform dependent!
2018-04-26 22:09:43,617 [Worker-129] INFO  o.e.m.c.i.embedder.EclipseLogger - skip non existing resourceDirectory D:\NAC2\11-WS-JSF-Padaria-Client\src\test\resources
2018-04-26 22:09:50,008 [Worker-149] WARN  o.e.m.c.i.embedder.EclipseLogger - Using platform encoding (Cp1252 actually) to copy filtered resources, i.e. build is platform dependent!
2018-04-26 22:09:50,008 [Worker-149] INFO  o.e.m.c.i.embedder.EclipseLogger - skip non existing resourceDirectory D:\NAC2\11-WS-JSF-Padaria-Client\src\main\resources
2018-04-26 22:09:50,008 [Worker-149] WARN  o.e.m.c.i.embedder.EclipseLogger - Using platform encoding (Cp1252 actually) to copy filtered resources, i.e. build is platform dependent!
2018-04-26 22:09:50,008 [Worker-149] INFO  o.e.m.c.i.embedder.EclipseLogger - skip non existing resourceDirectory D:\NAC2\11-WS-JSF-Padaria-Client\src\test\resources
2018-04-26 22:11:47,485 [Worker-141] WARN  o.e.m.c.i.embedder.EclipseLogger - Using platform encoding (Cp1252 actually) to copy filtered resources, i.e. build is platform dependent!
2018-04-26 22:11:47,485 [Worker-141] INFO  o.e.m.c.i.embedder.EclipseLogger - skip non existing resourceDirectory D:\NAC2\11-WS-JSF-Padaria-Client\src\main\resources
2018-04-26 22:11:47,485 [Worker-141] WARN  o.e.m.c.i.embedder.EclipseLogger - Using platform encoding (Cp1252 actually) to copy filtered resources, i.e. build is platform dependent!
2018-04-26 22:11:47,485 [Worker-141] INFO  o.e.m.c.i.embedder.EclipseLogger - skip non existing resourceDirectory D:\NAC2\11-WS-JSF-Padaria-Client\src\test\resources
2018-04-26 22:11:55,219 [Worker-141] WARN  o.e.m.c.i.embedder.EclipseLogger - Using platform encoding (Cp1252 actually) to copy filtered resources, i.e. build is platform dependent!
2018-04-26 22:11:55,219 [Worker-141] INFO  o.e.m.c.i.embedder.EclipseLogger - skip non existing resourceDirectory D:\NAC2\11-WS-JSF-Padaria-Client\src\main\resources
2018-04-26 22:11:55,219 [Worker-141] WARN  o.e.m.c.i.embedder.EclipseLogger - Using platform encoding (Cp1252 actually) to copy filtered resources, i.e. build is platform dependent!
2018-04-26 22:11:55,219 [Worker-141] INFO  o.e.m.c.i.embedder.EclipseLogger - skip non existing resourceDirectory D:\NAC2\11-WS-JSF-Padaria-Client\src\test\resources
2018-04-26 22:12:06,095 [Worker-137] WARN  o.e.m.c.i.embedder.EclipseLogger - Using platform encoding (Cp1252 actually) to copy filtered resources, i.e. build is platform dependent!
2018-04-26 22:12:06,095 [Worker-137] INFO  o.e.m.c.i.embedder.EclipseLogger - skip non existing resourceDirectory D:\NAC2\11-WS-JSF-Padaria-Client\src\main\resources
2018-04-26 22:12:06,095 [Worker-137] WARN  o.e.m.c.i.embedder.EclipseLogger - Using platform encoding (Cp1252 actually) to copy filtered resources, i.e. build is platform dependent!
2018-04-26 22:12:06,095 [Worker-137] INFO  o.e.m.c.i.embedder.EclipseLogger - skip non existing resourceDirectory D:\NAC2\11-WS-JSF-Padaria-Client\src\test\resources
2018-04-26 22:16:33,968 [Worker-151] WARN  o.e.m.c.i.embedder.EclipseLogger - Using platform encoding (Cp1252 actually) to copy filtered resources, i.e. build is platform dependent!
2018-04-26 22:16:33,968 [Worker-151] INFO  o.e.m.c.i.embedder.EclipseLogger - skip non existing resourceDirectory D:\NAC2\11-WS-JSF-Padaria-Client\src\main\resources
2018-04-26 22:16:33,968 [Worker-151] WARN  o.e.m.c.i.embedder.EclipseLogger - Using platform encoding (Cp1252 actually) to copy filtered resources, i.e. build is platform dependent!
2018-04-26 22:16:33,968 [Worker-151] INFO  o.e.m.c.i.embedder.EclipseLogger - skip non existing resourceDirectory D:\NAC2\11-WS-JSF-Padaria-Client\src\test\resources
2018-04-26 22:16:57,954 [Worker-153] WARN  o.e.m.c.i.embedder.EclipseLogger - Using platform encoding (Cp1252 actually) to copy filtered resources, i.e. build is platform dependent!
2018-04-26 22:16:57,954 [Worker-153] INFO  o.e.m.c.i.embedder.EclipseLogger - skip non existing resourceDirectory D:\NAC2\11-WS-JSF-Padaria-Client\src\main\resources
2018-04-26 22:16:57,954 [Worker-153] WARN  o.e.m.c.i.embedder.EclipseLogger - Using platform encoding (Cp1252 actually) to copy filtered resources, i.e. build is platform dependent!
2018-04-26 22:16:57,954 [Worker-153] INFO  o.e.m.c.i.embedder.EclipseLogger - skip non existing resourceDirectory D:\NAC2\11-WS-JSF-Padaria-Client\src\test\resources
2018-04-26 22:17:42,421 [Worker-146] WARN  o.e.m.c.i.embedder.EclipseLogger - Using platform encoding (Cp1252 actually) to copy filtered resources, i.e. build is platform dependent!
2018-04-26 22:17:42,421 [Worker-146] INFO  o.e.m.c.i.embedder.EclipseLogger - skip non existing resourceDirectory D:\NAC2\11-WS-JSF-Padaria-Client\src\main\resources
2018-04-26 22:17:42,421 [Worker-146] WARN  o.e.m.c.i.embedder.EclipseLogger - Using platform encoding (Cp1252 actually) to copy filtered resources, i.e. build is platform dependent!
2018-04-26 22:17:42,421 [Worker-146] INFO  o.e.m.c.i.embedder.EclipseLogger - skip non existing resourceDirectory D:\NAC2\11-WS-JSF-Padaria-Client\src\test\resources
2018-04-26 22:18:00,512 [Worker-147] WARN  o.e.m.c.i.embedder.EclipseLogger - Using platform encoding (Cp1252 actually) to copy filtered resources, i.e. build is platform dependent!
2018-04-26 22:18:00,512 [Worker-147] INFO  o.e.m.c.i.embedder.EclipseLogger - skip non existing resourceDirectory D:\NAC2\11-WS-JSF-Padaria-Client\src\main\resources
2018-04-26 22:18:00,512 [Worker-147] WARN  o.e.m.c.i.embedder.EclipseLogger - Using platform encoding (Cp1252 actually) to copy filtered resources, i.e. build is platform dependent!
2018-04-26 22:18:00,512 [Worker-147] INFO  o.e.m.c.i.embedder.EclipseLogger - skip non existing resourceDirectory D:\NAC2\11-WS-JSF-Padaria-Client\src\test\resources
2018-04-26 22:18:07,420 [Worker-144] WARN  o.e.m.c.i.embedder.EclipseLogger - Using platform encoding (Cp1252 actually) to copy filtered resources, i.e. build is platform dependent!
2018-04-26 22:18:07,436 [Worker-144] INFO  o.e.m.c.i.embedder.EclipseLogger - skip non existing resourceDirectory D:\NAC2\11-WS-JSF-Padaria-Client\src\main\resources
2018-04-26 22:18:07,436 [Worker-144] WARN  o.e.m.c.i.embedder.EclipseLogger - Using platform encoding (Cp1252 actually) to copy filtered resources, i.e. build is platform dependent!
2018-04-26 22:18:07,436 [Worker-144] INFO  o.e.m.c.i.embedder.EclipseLogger - skip non existing resourceDirectory D:\NAC2\11-WS-JSF-Padaria-Client\src\test\resources
